<?xml version="1.0" encoding="UTF-8"?>
<!-- Generated by org.testng.reporters.JUnitXMLReporter -->
<testsuite ignored="0" hostname="EN911683" failures="0" tests="5" name="TMDB_Test1" time="7.998" errors="0" timestamp="2022-03-01T10:26:58 COT">
  <testcase classname="TestPlan" name="Login" time="2.521"/>
  <testcase classname="TestPlan" name="CreateList" time="1.222"/>
  <testcase classname="TestPlan" name="AddToList" time="1.799"/>
  <testcase classname="TestPlan" name="AddToFavorites" time="1.168"/>
  <testcase classname="TestPlan" name="AddToWatchList" time="1.271"/>
</testsuite> <!-- TMDB_Test1 -->
